2025-04-06 13:00:33,206 INFO o.a.j.u.JMeterUtils: Setting Locale to en_EN
2025-04-06 13:00:33,227 INFO o.a.j.JMeter: Loading user properties from: C:\Program Files\apache-jmeter-5.6.3\bin\user.properties
2025-04-06 13:00:33,233 INFO o.a.j.JMeter: Loading system properties from: C:\Program Files\apache-jmeter-5.6.3\bin\system.properties
2025-04-06 13:00:33,240 INFO o.a.j.JMeter: Copyright (c) 1998-2024 The Apache Software Foundation
2025-04-06 13:00:33,240 INFO o.a.j.JMeter: Version 5.6.3
2025-04-06 13:00:33,241 INFO o.a.j.JMeter: java.version=21.0.6
2025-04-06 13:00:33,241 INFO o.a.j.JMeter: java.vm.name=Java HotSpot(TM) 64-Bit Server VM
2025-04-06 13:00:33,241 INFO o.a.j.JMeter: os.name=Windows 10
2025-04-06 13:00:33,241 INFO o.a.j.JMeter: os.arch=amd64
2025-04-06 13:00:33,241 INFO o.a.j.JMeter: os.version=10.0
2025-04-06 13:00:33,241 INFO o.a.j.JMeter: file.encoding=UTF-8
2025-04-06 13:00:33,241 INFO o.a.j.JMeter: java.awt.headless=true
2025-04-06 13:00:33,241 INFO o.a.j.JMeter: Max memory     =1073741824
2025-04-06 13:00:33,241 INFO o.a.j.JMeter: Available Processors =12
2025-04-06 13:00:33,248 INFO o.a.j.JMeter: Default Locale=English (EN)
2025-04-06 13:00:33,248 INFO o.a.j.JMeter: JMeter  Locale=English (EN)
2025-04-06 13:00:33,248 INFO o.a.j.JMeter: JMeterHome=C:\Program Files\apache-jmeter-5.6.3
2025-04-06 13:00:33,248 INFO o.a.j.JMeter: user.dir  =C:\ProgramData\Jenkins\.jenkins\workspace\JMeter_Integrate_Project
2025-04-06 13:00:33,248 INFO o.a.j.JMeter: PWD       =C:\ProgramData\Jenkins\.jenkins\workspace\JMeter_Integrate_Project
2025-04-06 13:00:33,255 INFO o.a.j.JMeter: IP: 192.168.1.103 Name: DESKTOP-69BIHPF FullName: DESKTOP-69BIHPF
2025-04-06 13:00:33,268 INFO o.a.j.JMeter: Setting property 'jmeter.reportgenerator.outputdir' to:'C:\ProgramData\Jenkins\.jenkins\workspace\JMeter_Integrate_Project\report'
2025-04-06 13:00:33,270 INFO o.a.j.s.FileServer: Default base='C:\ProgramData\Jenkins\.jenkins\workspace\JMeter_Integrate_Project'
2025-04-06 13:00:33,270 INFO o.a.j.s.FileServer: Set new base='C:\ProgramData\Jenkins\.jenkins\workspace\JMeter_Integrate_Project'
2025-04-06 13:00:33,498 INFO o.a.j.s.SaveService: Testplan (JMX) version: 2.2. Testlog (JTL) version: 2.2
2025-04-06 13:00:33,540 INFO o.a.j.s.SaveService: Using SaveService properties version 5.0
2025-04-06 13:00:33,540 INFO o.a.j.s.SaveService: Using SaveService properties file encoding UTF-8
2025-04-06 13:00:33,549 INFO o.a.j.s.SaveService: Loading file: C:\ProgramData\Jenkins\.jenkins\workspace\JMeter_Integrate_Project\DummySamplerExample.jmx
2025-04-06 13:00:33,609 INFO o.a.j.s.SampleResult: Note: Sample TimeStamps are START times
2025-04-06 13:00:33,609 INFO o.a.j.s.SampleResult: sampleresult.default.encoding is set to UTF-8
2025-04-06 13:00:33,609 INFO o.a.j.s.SampleResult: sampleresult.useNanoTime=true
2025-04-06 13:00:33,609 INFO o.a.j.s.SampleResult: sampleresult.nanoThreadSleep=5000
2025-04-06 13:00:33,652 INFO o.a.j.JMeter: Creating summariser <summary>
2025-04-06 13:00:33,657 INFO o.a.j.r.d.ReportGenerator: ReportGenerator will use for Parsing the separator: ','
2025-04-06 13:00:33,657 INFO o.a.j.r.d.ReportGenerator: Will generate report at end of test from  results file: C:\ProgramData\Jenkins\.jenkins\workspace\JMeter_Integrate_Project\result.jtl
2025-04-06 13:00:33,657 INFO o.a.j.r.d.ReportGenerator: Reading report generator properties from: C:\Program Files\apache-jmeter-5.6.3\bin\reportgenerator.properties
2025-04-06 13:00:33,657 INFO o.a.j.r.d.ReportGenerator: Merging with JMeter properties
2025-04-06 13:00:33,657 INFO o.a.j.r.c.ReportGeneratorConfiguration: Property 'jmeter.reportgenerator.temp_dir' not found, using default value 'temp' instead.
2025-04-06 13:00:33,665 INFO o.a.j.r.c.ReportGeneratorConfiguration: Property 'jmeter.reportgenerator.apdex_per_transaction' not found, using default value 'null' instead.
2025-04-06 13:00:33,671 INFO o.a.j.r.c.ReportGeneratorConfiguration: apdex_per_transaction is empty, not APDEX per transaction customization
2025-04-06 13:00:33,671 INFO o.a.j.r.c.ReportGeneratorConfiguration: Property 'jmeter.reportgenerator.sample_filter' not found, using default value 'null' instead.
2025-04-06 13:00:33,671 INFO o.a.j.r.c.ReportGeneratorConfiguration: Property 'jmeter.reportgenerator.report_title' not found, using default value 'null' instead.
2025-04-06 13:00:33,671 INFO o.a.j.r.c.ReportGeneratorConfiguration: Property 'jmeter.reportgenerator.start_date' not found, using default value 'null' instead.
2025-04-06 13:00:33,671 INFO o.a.j.r.c.ReportGeneratorConfiguration: Property 'jmeter.reportgenerator.end_date' not found, using default value 'null' instead.
2025-04-06 13:00:33,671 INFO o.a.j.r.c.ReportGeneratorConfiguration: Property 'jmeter.reportgenerator.date_format' not found, using default value 'null' instead.
2025-04-06 13:00:33,671 INFO o.a.j.r.c.ReportGeneratorConfiguration: Will use date range start date: null, end date: null
2025-04-06 13:00:33,680 INFO o.a.j.r.c.ReportGeneratorConfiguration: Property 'jmeter.reportgenerator.graph.totalTPS.exclude_controllers' not found, using default value 'false' instead.
2025-04-06 13:00:33,680 INFO o.a.j.r.c.ReportGeneratorConfiguration: Property 'jmeter.reportgenerator.graph.activeThreadsOverTime.exclude_controllers' not found, using default value 'false' instead.
2025-04-06 13:00:33,680 INFO o.a.j.r.c.ReportGeneratorConfiguration: Property 'jmeter.reportgenerator.graph.timeVsThreads.exclude_controllers' not found, using default value 'false' instead.
2025-04-06 13:00:33,680 INFO o.a.j.r.c.ReportGeneratorConfiguration: Property 'jmeter.reportgenerator.graph.responseTimeDistribution.exclude_controllers' not found, using default value 'false' instead.
2025-04-06 13:00:33,680 INFO o.a.j.r.c.ReportGeneratorConfiguration: Property 'jmeter.reportgenerator.graph.transactionsPerSecond.exclude_controllers' not found, using default value 'false' instead.
2025-04-06 13:00:33,680 INFO o.a.j.r.c.ReportGeneratorConfiguration: Property 'jmeter.reportgenerator.graph.responseTimePercentiles.exclude_controllers' not found, using default value 'false' instead.
2025-04-06 13:00:33,680 INFO o.a.j.r.c.ReportGeneratorConfiguration: Property 'jmeter.reportgenerator.graph.responseTimePercentilesOverTime.exclude_controllers' not found, using default value 'false' instead.
2025-04-06 13:00:33,680 INFO o.a.j.r.c.ReportGeneratorConfiguration: Property 'jmeter.reportgenerator.graph.responseTimesOverTime.exclude_controllers' not found, using default value 'false' instead.
2025-04-06 13:00:33,680 INFO o.a.j.r.c.ReportGeneratorConfiguration: Property 'jmeter.reportgenerator.graph.connectTimeOverTime.exclude_controllers' not found, using default value 'false' instead.
2025-04-06 13:00:33,680 INFO o.a.j.r.c.ReportGeneratorConfiguration: Property 'jmeter.reportgenerator.graph.latenciesOverTime.exclude_controllers' not found, using default value 'false' instead.
2025-04-06 13:00:33,685 INFO o.a.j.r.c.ReportGeneratorConfiguration: Property 'jmeter.reportgenerator.exporter.json.filters_only_sample_series' not found, using default value 'true' instead.
2025-04-06 13:00:33,685 INFO o.a.j.r.c.ReportGeneratorConfiguration: Property 'jmeter.reportgenerator.exporter.json.series_filter' not found, using default value '' instead.
2025-04-06 13:00:33,685 INFO o.a.j.r.c.ReportGeneratorConfiguration: Property 'jmeter.reportgenerator.exporter.json.show_controllers_only' not found, using default value 'false' instead.
2025-04-06 13:00:33,685 INFO o.a.j.r.c.ReportGeneratorConfiguration: Property 'jmeter.reportgenerator.exporter.html.filters_only_sample_series' not found, using default value 'true' instead.
2025-04-06 13:00:33,685 INFO o.a.j.r.c.ReportGeneratorConfiguration: Property 'jmeter.reportgenerator.exporter.html.series_filter' not found, using default value '' instead.
2025-04-06 13:00:33,685 INFO o.a.j.r.c.ReportGeneratorConfiguration: Property 'jmeter.reportgenerator.exporter.html.show_controllers_only' not found, using default value 'false' instead.
2025-04-06 13:00:33,699 INFO o.a.j.e.StandardJMeterEngine: Running the test!
2025-04-06 13:00:33,699 INFO o.a.j.s.SampleEvent: List of sample_variables: []
2025-04-06 13:00:33,699 INFO o.a.j.s.SampleEvent: List of sample_variables: []
2025-04-06 13:00:33,699 INFO o.a.j.e.u.CompoundVariable: Note: Function class names must contain the string: '.functions.'
2025-04-06 13:00:33,706 INFO o.a.j.e.u.CompoundVariable: Note: Function class names must not contain the string: '.gui.'
2025-04-06 13:00:33,777 INFO o.a.j.r.ClassFinder: Will scan jar C:\Program Files\apache-jmeter-5.6.3\lib\ext\jmeter-plugins-casutg-3.0.jar with filter ExtendsClassFilter [parents=[interface org.apache.jmeter.functions.Function], inner=false, contains=null, notContains=null]. Consider exposing JMeter plugins via META-INF/services, and add JMeter-Skip-Class-Scanning=true manifest attribute so JMeter can skip classfile scanning
2025-04-06 13:00:33,797 INFO o.a.j.r.ClassFinder: Will scan jar C:\Program Files\apache-jmeter-5.6.3\lib\ext\jmeter-plugins-cmn-jmeter-0.7.jar with filter ExtendsClassFilter [parents=[interface org.apache.jmeter.functions.Function], inner=false, contains=null, notContains=null]. Consider exposing JMeter plugins via META-INF/services, and add JMeter-Skip-Class-Scanning=true manifest attribute so JMeter can skip classfile scanning
2025-04-06 13:00:33,825 INFO o.a.j.r.ClassFinder: Will scan jar C:\Program Files\apache-jmeter-5.6.3\lib\ext\jmeter-backend-listener-plugin.jar with filter ExtendsClassFilter [parents=[interface org.apache.jmeter.functions.Function], inner=false, contains=null, notContains=null]. Consider exposing JMeter plugins via META-INF/services, and add JMeter-Skip-Class-Scanning=true manifest attribute so JMeter can skip classfile scanning
2025-04-06 13:00:34,255 INFO o.a.j.r.ClassFinder: Will scan jar C:\Program Files\apache-jmeter-5.6.3\lib\ext\jmeter-prometheus-plugin-0.6.0.jar with filter ExtendsClassFilter [parents=[interface org.apache.jmeter.functions.Function], inner=false, contains=null, notContains=null]. Consider exposing JMeter plugins via META-INF/services, and add JMeter-Skip-Class-Scanning=true manifest attribute so JMeter can skip classfile scanning
2025-04-06 13:00:34,269 INFO o.a.j.r.ClassFinder: Will scan jar C:\Program Files\apache-jmeter-5.6.3\lib\ext\json-lib-2.4-jdk15.jar with filter ExtendsClassFilter [parents=[interface org.apache.jmeter.functions.Function], inner=false, contains=null, notContains=null]. Consider exposing JMeter plugins via META-INF/services, and add JMeter-Skip-Class-Scanning=true manifest attribute so JMeter can skip classfile scanning
2025-04-06 13:00:34,289 INFO o.a.j.r.ClassFinder: Will scan jar C:\Program Files\apache-jmeter-5.6.3\lib\ext\jmeter-plugins-manager-1.10.jar with filter ExtendsClassFilter [parents=[interface org.apache.jmeter.functions.Function], inner=false, contains=null, notContains=null]. Consider exposing JMeter plugins via META-INF/services, and add JMeter-Skip-Class-Scanning=true manifest attribute so JMeter can skip classfile scanning
2025-04-06 13:00:34,359 INFO o.a.j.r.ClassFinder: Will scan jar C:\Program Files\apache-jmeter-5.6.3\lib\ext\cmdrunner-2.3.jar with filter ExtendsClassFilter [parents=[interface org.apache.jmeter.functions.Function], inner=false, contains=null, notContains=null]. Consider exposing JMeter plugins via META-INF/services, and add JMeter-Skip-Class-Scanning=true manifest attribute so JMeter can skip classfile scanning
2025-04-06 13:00:34,359 INFO o.a.j.r.ClassFinder: Will scan jar C:\Program Files\apache-jmeter-5.6.3\lib\ext\jmeter-plugins-dummy-0.4.jar with filter ExtendsClassFilter [parents=[interface org.apache.jmeter.functions.Function], inner=false, contains=null, notContains=null]. Consider exposing JMeter plugins via META-INF/services, and add JMeter-Skip-Class-Scanning=true manifest attribute so JMeter can skip classfile scanning
2025-04-06 13:00:34,393 INFO o.a.j.v.b.BackendListener: Backend Listener: Starting worker with class: class org.apache.jmeter.visualizers.backend.influxdb.InfluxdbBackendListenerClient and queue capacity: 5000
2025-04-06 13:00:34,394 INFO o.a.j.v.b.BackendListener: Backend Listener: Started  worker with class: class org.apache.jmeter.visualizers.backend.influxdb.InfluxdbBackendListenerClient
2025-04-06 13:00:34,653 INFO o.a.j.JMeter: Running test (1743933634653)
2025-04-06 13:00:34,671 INFO o.a.j.e.StandardJMeterEngine: Starting ThreadGroup: 1 : Thread Group
2025-04-06 13:00:34,671 INFO o.a.j.e.StandardJMeterEngine: Starting 10 threads for group Thread Group.
2025-04-06 13:00:34,671 INFO o.a.j.e.StandardJMeterEngine: Thread will continue on error
2025-04-06 13:00:34,671 INFO o.a.j.t.ThreadGroup: Starting thread group... number=1 threads=10 ramp-up=5 delayedStart=false
2025-04-06 13:00:34,685 INFO o.a.j.t.ThreadGroup: Started thread group number 1
2025-04-06 13:00:34,685 INFO o.a.j.e.StandardJMeterEngine: All thread groups have been started
2025-04-06 13:00:34,689 INFO o.a.j.t.JMeterThread: Thread started: Thread Group 1-1
2025-04-06 13:00:34,709 ERROR o.a.j.v.b.i.HttpMetricsSender: failed to send data to influxDB server.
java.net.ConnectException: Connection refused: getsockopt
	at java.base/sun.nio.ch.Net.pollConnect(Native Method) ~[?:?]
	at java.base/sun.nio.ch.Net.pollConnectNow(Net.java:682) ~[?:?]
	at java.base/sun.nio.ch.SocketChannelImpl.finishConnect(SocketChannelImpl.java:973) ~[?:?]
	at org.apache.http.impl.nio.reactor.DefaultConnectingIOReactor.processEvent(DefaultConnectingIOReactor.java:174) ~[httpcore-nio-4.4.16.jar:4.4.16]
	at org.apache.http.impl.nio.reactor.DefaultConnectingIOReactor.processEvents(DefaultConnectingIOReactor.java:148) ~[httpcore-nio-4.4.16.jar:4.4.16]
	at org.apache.http.impl.nio.reactor.AbstractMultiworkerIOReactor.execute(AbstractMultiworkerIOReactor.java:351) ~[httpcore-nio-4.4.16.jar:4.4.16]
	at org.apache.http.impl.nio.conn.PoolingNHttpClientConnectionManager.execute(PoolingNHttpClientConnectionManager.java:221) ~[httpasyncclient-4.1.5.jar:4.1.5]
	at org.apache.http.impl.nio.client.CloseableHttpAsyncClientBase$1.run(CloseableHttpAsyncClientBase.java:64) ~[httpasyncclient-4.1.5.jar:4.1.5]
	at java.base/java.lang.Thread.run(Thread.java:1583) [?:?]
2025-04-06 13:00:35,182 INFO o.a.j.t.JMeterThread: Thread started: Thread Group 1-2
2025-04-06 13:00:35,240 INFO o.a.j.r.Summariser: summary +      1 in 00:00:01 =    1.7/s Avg:   529 Min:   529 Max:   529 Err:     1 (100.00%) Active: 2 Started: 2 Finished: 0
2025-04-06 13:00:35,682 INFO o.a.j.t.JMeterThread: Thread started: Thread Group 1-3
2025-04-06 13:00:36,180 INFO o.a.j.t.JMeterThread: Thread started: Thread Group 1-4
2025-04-06 13:00:36,678 INFO o.a.j.t.JMeterThread: Thread started: Thread Group 1-5
2025-04-06 13:00:37,178 INFO o.a.j.t.JMeterThread: Thread started: Thread Group 1-6
2025-04-06 13:00:37,678 INFO o.a.j.t.JMeterThread: Thread started: Thread Group 1-7
2025-04-06 13:00:38,177 INFO o.a.j.t.JMeterThread: Thread started: Thread Group 1-8
2025-04-06 13:00:38,675 INFO o.a.j.t.JMeterThread: Thread started: Thread Group 1-9
2025-04-06 13:00:39,178 INFO o.a.j.t.JMeterThread: Thread started: Thread Group 1-10
2025-04-06 13:00:39,647 ERROR o.a.j.v.b.i.HttpMetricsSender: failed to send data to influxDB server.
java.net.ConnectException: Connection refused: getsockopt
	at java.base/sun.nio.ch.Net.pollConnect(Native Method) ~[?:?]
	at java.base/sun.nio.ch.Net.pollConnectNow(Net.java:682) ~[?:?]
	at java.base/sun.nio.ch.SocketChannelImpl.finishConnect(SocketChannelImpl.java:973) ~[?:?]
	at org.apache.http.impl.nio.reactor.DefaultConnectingIOReactor.processEvent(DefaultConnectingIOReactor.java:174) ~[httpcore-nio-4.4.16.jar:4.4.16]
	at org.apache.http.impl.nio.reactor.DefaultConnectingIOReactor.processEvents(DefaultConnectingIOReactor.java:148) ~[httpcore-nio-4.4.16.jar:4.4.16]
	at org.apache.http.impl.nio.reactor.AbstractMultiworkerIOReactor.execute(AbstractMultiworkerIOReactor.java:351) ~[httpcore-nio-4.4.16.jar:4.4.16]
	at org.apache.http.impl.nio.conn.PoolingNHttpClientConnectionManager.execute(PoolingNHttpClientConnectionManager.java:221) ~[httpasyncclient-4.1.5.jar:4.1.5]
	at org.apache.http.impl.nio.client.CloseableHttpAsyncClientBase$1.run(CloseableHttpAsyncClientBase.java:64) ~[httpasyncclient-4.1.5.jar:4.1.5]
	at java.base/java.lang.Thread.run(Thread.java:1583) [?:?]
2025-04-06 13:00:44,643 ERROR o.a.j.v.b.i.HttpMetricsSender: failed to send data to influxDB server.
java.net.ConnectException: Connection refused: getsockopt
	at java.base/sun.nio.ch.Net.pollConnect(Native Method) ~[?:?]
	at java.base/sun.nio.ch.Net.pollConnectNow(Net.java:682) ~[?:?]
	at java.base/sun.nio.ch.SocketChannelImpl.finishConnect(SocketChannelImpl.java:973) ~[?:?]
	at org.apache.http.impl.nio.reactor.DefaultConnectingIOReactor.processEvent(DefaultConnectingIOReactor.java:174) ~[httpcore-nio-4.4.16.jar:4.4.16]
	at org.apache.http.impl.nio.reactor.DefaultConnectingIOReactor.processEvents(DefaultConnectingIOReactor.java:148) ~[httpcore-nio-4.4.16.jar:4.4.16]
	at org.apache.http.impl.nio.reactor.AbstractMultiworkerIOReactor.execute(AbstractMultiworkerIOReactor.java:351) ~[httpcore-nio-4.4.16.jar:4.4.16]
	at org.apache.http.impl.nio.conn.PoolingNHttpClientConnectionManager.execute(PoolingNHttpClientConnectionManager.java:221) ~[httpasyncclient-4.1.5.jar:4.1.5]
	at org.apache.http.impl.nio.client.CloseableHttpAsyncClientBase$1.run(CloseableHttpAsyncClientBase.java:64) ~[httpasyncclient-4.1.5.jar:4.1.5]
	at java.base/java.lang.Thread.run(Thread.java:1583) [?:?]
2025-04-06 13:00:49,644 ERROR o.a.j.v.b.i.HttpMetricsSender: failed to send data to influxDB server.
java.net.ConnectException: Connection refused: getsockopt
	at java.base/sun.nio.ch.Net.pollConnect(Native Method) ~[?:?]
	at java.base/sun.nio.ch.Net.pollConnectNow(Net.java:682) ~[?:?]
	at java.base/sun.nio.ch.SocketChannelImpl.finishConnect(SocketChannelImpl.java:973) ~[?:?]
	at org.apache.http.impl.nio.reactor.DefaultConnectingIOReactor.processEvent(DefaultConnectingIOReactor.java:174) ~[httpcore-nio-4.4.16.jar:4.4.16]
	at org.apache.http.impl.nio.reactor.DefaultConnectingIOReactor.processEvents(DefaultConnectingIOReactor.java:148) ~[httpcore-nio-4.4.16.jar:4.4.16]
	at org.apache.http.impl.nio.reactor.AbstractMultiworkerIOReactor.execute(AbstractMultiworkerIOReactor.java:351) ~[httpcore-nio-4.4.16.jar:4.4.16]
	at org.apache.http.impl.nio.conn.PoolingNHttpClientConnectionManager.execute(PoolingNHttpClientConnectionManager.java:221) ~[httpasyncclient-4.1.5.jar:4.1.5]
	at org.apache.http.impl.nio.client.CloseableHttpAsyncClientBase$1.run(CloseableHttpAsyncClientBase.java:64) ~[httpasyncclient-4.1.5.jar:4.1.5]
	at java.base/java.lang.Thread.run(Thread.java:1583) [?:?]
2025-04-06 13:00:54,644 ERROR o.a.j.v.b.i.HttpMetricsSender: failed to send data to influxDB server.
java.net.ConnectException: Connection refused: getsockopt
	at java.base/sun.nio.ch.Net.pollConnect(Native Method) ~[?:?]
	at java.base/sun.nio.ch.Net.pollConnectNow(Net.java:682) ~[?:?]
	at java.base/sun.nio.ch.SocketChannelImpl.finishConnect(SocketChannelImpl.java:973) ~[?:?]
	at org.apache.http.impl.nio.reactor.DefaultConnectingIOReactor.processEvent(DefaultConnectingIOReactor.java:174) ~[httpcore-nio-4.4.16.jar:4.4.16]
	at org.apache.http.impl.nio.reactor.DefaultConnectingIOReactor.processEvents(DefaultConnectingIOReactor.java:148) ~[httpcore-nio-4.4.16.jar:4.4.16]
	at org.apache.http.impl.nio.reactor.AbstractMultiworkerIOReactor.execute(AbstractMultiworkerIOReactor.java:351) ~[httpcore-nio-4.4.16.jar:4.4.16]
	at org.apache.http.impl.nio.conn.PoolingNHttpClientConnectionManager.execute(PoolingNHttpClientConnectionManager.java:221) ~[httpasyncclient-4.1.5.jar:4.1.5]
	at org.apache.http.impl.nio.client.CloseableHttpAsyncClientBase$1.run(CloseableHttpAsyncClientBase.java:64) ~[httpasyncclient-4.1.5.jar:4.1.5]
	at java.base/java.lang.Thread.run(Thread.java:1583) [?:?]
2025-04-06 13:00:59,643 ERROR o.a.j.v.b.i.HttpMetricsSender: failed to send data to influxDB server.
java.net.ConnectException: Connection refused: getsockopt
	at java.base/sun.nio.ch.Net.pollConnect(Native Method) ~[?:?]
	at java.base/sun.nio.ch.Net.pollConnectNow(Net.java:682) ~[?:?]
	at java.base/sun.nio.ch.SocketChannelImpl.finishConnect(SocketChannelImpl.java:973) ~[?:?]
	at org.apache.http.impl.nio.reactor.DefaultConnectingIOReactor.processEvent(DefaultConnectingIOReactor.java:174) ~[httpcore-nio-4.4.16.jar:4.4.16]
	at org.apache.http.impl.nio.reactor.DefaultConnectingIOReactor.processEvents(DefaultConnectingIOReactor.java:148) ~[httpcore-nio-4.4.16.jar:4.4.16]
	at org.apache.http.impl.nio.reactor.AbstractMultiworkerIOReactor.execute(AbstractMultiworkerIOReactor.java:351) ~[httpcore-nio-4.4.16.jar:4.4.16]
	at org.apache.http.impl.nio.conn.PoolingNHttpClientConnectionManager.execute(PoolingNHttpClientConnectionManager.java:221) ~[httpasyncclient-4.1.5.jar:4.1.5]
	at org.apache.http.impl.nio.client.CloseableHttpAsyncClientBase$1.run(CloseableHttpAsyncClientBase.java:64) ~[httpasyncclient-4.1.5.jar:4.1.5]
	at java.base/java.lang.Thread.run(Thread.java:1583) [?:?]
2025-04-06 13:01:00,034 INFO o.a.j.r.Summariser: summary +    464 in 00:00:25 =   18.7/s Avg:   488 Min:    12 Max:   997 Err:   199 (42.89%) Active: 10 Started: 10 Finished: 0
2025-04-06 13:01:00,035 INFO o.a.j.r.Summariser: summary =    465 in 00:00:25 =   18.3/s Avg:   488 Min:    12 Max:   997 Err:   200 (43.01%)
2025-04-06 13:01:04,643 ERROR o.a.j.v.b.i.HttpMetricsSender: failed to send data to influxDB server.
java.net.ConnectException: Connection refused: getsockopt
	at java.base/sun.nio.ch.Net.pollConnect(Native Method) ~[?:?]
	at java.base/sun.nio.ch.Net.pollConnectNow(Net.java:682) ~[?:?]
	at java.base/sun.nio.ch.SocketChannelImpl.finishConnect(SocketChannelImpl.java:973) ~[?:?]
	at org.apache.http.impl.nio.reactor.DefaultConnectingIOReactor.processEvent(DefaultConnectingIOReactor.java:174) ~[httpcore-nio-4.4.16.jar:4.4.16]
	at org.apache.http.impl.nio.reactor.DefaultConnectingIOReactor.processEvents(DefaultConnectingIOReactor.java:148) ~[httpcore-nio-4.4.16.jar:4.4.16]
	at org.apache.http.impl.nio.reactor.AbstractMultiworkerIOReactor.execute(AbstractMultiworkerIOReactor.java:351) ~[httpcore-nio-4.4.16.jar:4.4.16]
	at org.apache.http.impl.nio.conn.PoolingNHttpClientConnectionManager.execute(PoolingNHttpClientConnectionManager.java:221) ~[httpasyncclient-4.1.5.jar:4.1.5]
	at org.apache.http.impl.nio.client.CloseableHttpAsyncClientBase$1.run(CloseableHttpAsyncClientBase.java:64) ~[httpasyncclient-4.1.5.jar:4.1.5]
	at java.base/java.lang.Thread.run(Thread.java:1583) [?:?]
2025-04-06 13:01:04,719 INFO o.a.j.t.JMeterThread: Stopping because end time detected by thread: Thread Group 1-7
2025-04-06 13:01:04,720 INFO o.a.j.t.JMeterThread: Thread finished: Thread Group 1-7
2025-04-06 13:01:04,772 INFO o.a.j.t.JMeterThread: Stopping because end time detected by thread: Thread Group 1-4
2025-04-06 13:01:04,772 INFO o.a.j.t.JMeterThread: Thread finished: Thread Group 1-4
2025-04-06 13:01:04,774 INFO o.a.j.t.JMeterThread: Stopping because end time detected by thread: Thread Group 1-10
2025-04-06 13:01:04,774 INFO o.a.j.t.JMeterThread: Thread finished: Thread Group 1-10
2025-04-06 13:01:04,821 INFO o.a.j.t.JMeterThread: Stopping because end time detected by thread: Thread Group 1-2
2025-04-06 13:01:04,821 INFO o.a.j.t.JMeterThread: Thread finished: Thread Group 1-2
2025-04-06 13:01:04,917 INFO o.a.j.t.JMeterThread: Stopping because end time detected by thread: Thread Group 1-1
2025-04-06 13:01:04,917 INFO o.a.j.t.JMeterThread: Thread finished: Thread Group 1-1
2025-04-06 13:01:04,931 INFO o.a.j.t.JMeterThread: Stopping because end time detected by thread: Thread Group 1-3
2025-04-06 13:01:04,931 INFO o.a.j.t.JMeterThread: Thread finished: Thread Group 1-3
2025-04-06 13:01:04,959 INFO o.a.j.t.JMeterThread: Stopping because end time detected by thread: Thread Group 1-9
2025-04-06 13:01:04,959 INFO o.a.j.t.JMeterThread: Thread finished: Thread Group 1-9
2025-04-06 13:01:05,022 INFO o.a.j.t.JMeterThread: Stopping because end time detected by thread: Thread Group 1-6
2025-04-06 13:01:05,022 INFO o.a.j.t.JMeterThread: Thread finished: Thread Group 1-6
2025-04-06 13:01:05,267 INFO o.a.j.t.JMeterThread: Stopping because end time detected by thread: Thread Group 1-5
2025-04-06 13:01:05,268 INFO o.a.j.t.JMeterThread: Thread finished: Thread Group 1-5
2025-04-06 13:01:05,286 INFO o.a.j.t.JMeterThread: Stopping because end time detected by thread: Thread Group 1-8
2025-04-06 13:01:05,286 INFO o.a.j.t.JMeterThread: Thread finished: Thread Group 1-8
2025-04-06 13:01:05,287 INFO o.a.j.e.StandardJMeterEngine: Notifying test listeners of end of test
2025-04-06 13:01:05,295 INFO o.a.j.v.b.BackendListener: Worker ended
2025-04-06 13:01:05,295 INFO o.a.j.v.b.i.InfluxdbBackendListenerClient: Sending last metrics to InfluxDB
2025-04-06 13:01:05,295 INFO o.a.j.v.b.i.HttpMetricsSender: Destroying 
2025-04-06 13:01:05,295 ERROR o.a.j.v.b.i.HttpMetricsSender: failed to send data to influxDB server.
java.net.ConnectException: Connection refused: getsockopt
	at java.base/sun.nio.ch.Net.pollConnect(Native Method) ~[?:?]
	at java.base/sun.nio.ch.Net.pollConnectNow(Net.java:682) ~[?:?]
	at java.base/sun.nio.ch.SocketChannelImpl.finishConnect(SocketChannelImpl.java:973) ~[?:?]
	at org.apache.http.impl.nio.reactor.DefaultConnectingIOReactor.processEvent(DefaultConnectingIOReactor.java:174) ~[httpcore-nio-4.4.16.jar:4.4.16]
	at org.apache.http.impl.nio.reactor.DefaultConnectingIOReactor.processEvents(DefaultConnectingIOReactor.java:148) ~[httpcore-nio-4.4.16.jar:4.4.16]
	at org.apache.http.impl.nio.reactor.AbstractMultiworkerIOReactor.execute(AbstractMultiworkerIOReactor.java:351) ~[httpcore-nio-4.4.16.jar:4.4.16]
	at org.apache.http.impl.nio.conn.PoolingNHttpClientConnectionManager.execute(PoolingNHttpClientConnectionManager.java:221) ~[httpasyncclient-4.1.5.jar:4.1.5]
	at org.apache.http.impl.nio.client.CloseableHttpAsyncClientBase$1.run(CloseableHttpAsyncClientBase.java:64) ~[httpasyncclient-4.1.5.jar:4.1.5]
	at java.base/java.lang.Thread.run(Thread.java:1583) [?:?]
2025-04-06 13:01:05,295 ERROR o.a.j.v.b.i.HttpMetricsSender: Error waiting for last request to be send to InfluxDB
java.util.concurrent.ExecutionException: java.net.ConnectException: Connection refused: getsockopt
	at org.apache.http.concurrent.BasicFuture.getResult(BasicFuture.java:71) ~[httpcore-4.4.16.jar:4.4.16]
	at org.apache.http.concurrent.BasicFuture.get(BasicFuture.java:102) ~[httpcore-4.4.16.jar:4.4.16]
	at org.apache.http.impl.nio.client.FutureWrapper.get(FutureWrapper.java:75) ~[httpasyncclient-4.1.5.jar:4.1.5]
	at org.apache.jmeter.visualizers.backend.influxdb.HttpMetricsSender.destroy(HttpMetricsSender.java:252) ~[ApacheJMeter_components.jar:5.6.3]
	at org.apache.jmeter.visualizers.backend.influxdb.InfluxdbBackendListenerClient.teardownTest(InfluxdbBackendListenerClient.java:424) ~[ApacheJMeter_components.jar:5.6.3]
	at org.apache.jmeter.visualizers.backend.BackendListener.testEnded(BackendListener.java:375) ~[ApacheJMeter_components.jar:5.6.3]
	at org.apache.jmeter.visualizers.backend.BackendListener.testEnded(BackendListener.java:383) ~[ApacheJMeter_components.jar:5.6.3]
	at org.apache.jmeter.engine.StandardJMeterEngine.notifyTestListenersOfEnd(StandardJMeterEngine.java:266) ~[ApacheJMeter_core.jar:5.6.3]
	at org.apache.jmeter.engine.StandardJMeterEngine.run(StandardJMeterEngine.java:543) ~[ApacheJMeter_core.jar:5.6.3]
	at java.base/java.util.concurrent.Executors$RunnableAdapter.call(Executors.java:572) ~[?:?]
	at java.base/java.util.concurrent.FutureTask.run(FutureTask.java:317) ~[?:?]
	at java.base/java.util.concurrent.ThreadPoolExecutor.runWorker(ThreadPoolExecutor.java:1144) ~[?:?]
	at java.base/java.util.concurrent.ThreadPoolExecutor$Worker.run(ThreadPoolExecutor.java:642) ~[?:?]
	at java.base/java.lang.Thread.run(Thread.java:1583) [?:?]
Caused by: java.net.ConnectException: Connection refused: getsockopt
	at java.base/sun.nio.ch.Net.pollConnect(Native Method) ~[?:?]
	at java.base/sun.nio.ch.Net.pollConnectNow(Net.java:682) ~[?:?]
	at java.base/sun.nio.ch.SocketChannelImpl.finishConnect(SocketChannelImpl.java:973) ~[?:?]
	at org.apache.http.impl.nio.reactor.DefaultConnectingIOReactor.processEvent(DefaultConnectingIOReactor.java:174) ~[httpcore-nio-4.4.16.jar:4.4.16]
	at org.apache.http.impl.nio.reactor.DefaultConnectingIOReactor.processEvents(DefaultConnectingIOReactor.java:148) ~[httpcore-nio-4.4.16.jar:4.4.16]
	at org.apache.http.impl.nio.reactor.AbstractMultiworkerIOReactor.execute(AbstractMultiworkerIOReactor.java:351) ~[httpcore-nio-4.4.16.jar:4.4.16]
	at org.apache.http.impl.nio.conn.PoolingNHttpClientConnectionManager.execute(PoolingNHttpClientConnectionManager.java:221) ~[httpasyncclient-4.1.5.jar:4.1.5]
	at org.apache.http.impl.nio.client.CloseableHttpAsyncClientBase$1.run(CloseableHttpAsyncClientBase.java:64) ~[httpasyncclient-4.1.5.jar:4.1.5]
	... 1 more
2025-04-06 13:01:05,309 INFO o.a.j.r.Summariser: summary +    105 in 00:00:05 =   19.9/s Avg:   499 Min:    13 Max:  1001 Err:    47 (44.76%) Active: 0 Started: 10 Finished: 10
2025-04-06 13:01:05,309 INFO o.a.j.r.Summariser: summary =    570 in 00:00:31 =   18.6/s Avg:   490 Min:    12 Max:  1001 Err:   247 (43.33%)
2025-04-06 13:01:05,309 INFO o.a.j.JMeter: Generating Dashboard
2025-04-06 13:01:05,309 INFO o.a.j.r.d.ReportGenerator: Flushing result collector before report Generation
2025-04-06 13:01:05,330 INFO o.a.j.r.p.NormalizerSampleConsumer: Using format, 'ms', to parse timeStamp field
2025-04-06 13:01:05,447 INFO o.a.j.r.p.AbstractSampleConsumer: class org.apache.jmeter.report.processor.AggregateConsumer#stopProducing(): beginDate produced 0 samples
2025-04-06 13:01:05,447 INFO o.a.j.r.p.AbstractSampleConsumer: class org.apache.jmeter.report.processor.AggregateConsumer#stopProducing(): endDate produced 0 samples
2025-04-06 13:01:05,454 INFO o.a.j.r.p.AbstractSampleConsumer: class org.apache.jmeter.report.processor.ApdexSummaryConsumer#stopProducing(): apdexSummary produced 0 samples
2025-04-06 13:01:05,454 INFO o.a.j.r.p.AbstractSampleConsumer: class org.apache.jmeter.report.processor.RequestsSummaryConsumer#stopProducing(): requestsSummary produced 0 samples
2025-04-06 13:01:05,454 INFO o.a.j.r.p.AbstractSampleConsumer: class org.apache.jmeter.report.processor.StatisticsSummaryConsumer#stopProducing(): statisticsSummary produced 0 samples
2025-04-06 13:01:05,454 INFO o.a.j.r.p.AbstractSampleConsumer: class org.apache.jmeter.report.processor.Top5ErrorsBySamplerConsumer#stopProducing(): top5ErrorsBySampler produced 0 samples
2025-04-06 13:01:05,454 INFO o.a.j.r.p.AbstractSampleConsumer: class org.apache.jmeter.report.processor.ErrorsSummaryConsumer#stopProducing(): errorsSummary produced 0 samples
2025-04-06 13:01:05,454 INFO o.a.j.r.p.AbstractSampleConsumer: class org.apache.jmeter.report.processor.graph.impl.HitsPerSecondGraphConsumer#stopProducing(): hitsPerSecond produced 0 samples
2025-04-06 13:01:05,489 INFO o.a.j.r.p.AbstractSampleConsumer: class org.apache.jmeter.report.processor.graph.impl.LatencyVSRequestGraphConsumer#stopProducing(): latencyVsRequest produced 0 samples
2025-04-06 13:01:05,489 INFO o.a.j.r.p.AbstractSampleConsumer: class org.apache.jmeter.report.processor.graph.impl.SyntheticResponseTimeDistributionGraphConsumer#stopProducing(): syntheticResponseTimeDistribution produced 0 samples
2025-04-06 13:01:05,489 INFO o.a.j.r.p.AbstractSampleConsumer: class org.apache.jmeter.report.processor.graph.impl.BytesThroughputGraphConsumer#stopProducing(): bytesThroughputOverTime produced 0 samples
2025-04-06 13:01:05,489 INFO o.a.j.r.p.AbstractSampleConsumer: class org.apache.jmeter.report.processor.graph.impl.CodesPerSecondGraphConsumer#stopProducing(): codesPerSecond produced 0 samples
2025-04-06 13:01:05,503 INFO o.a.j.r.p.AbstractSampleConsumer: class org.apache.jmeter.report.processor.graph.impl.ResponseTimeVSRequestGraphConsumer#stopProducing(): responseTimeVsRequest produced 0 samples
2025-04-06 13:01:05,504 INFO o.a.j.r.p.AbstractSampleConsumer: class org.apache.jmeter.report.processor.FilterConsumer#stopProducing(): startIntervalControlerFilter produced 3990 samples
2025-04-06 13:01:05,504 INFO o.a.j.r.p.AbstractSampleConsumer: class org.apache.jmeter.report.processor.graph.impl.TotalTPSGraphConsumer#stopProducing(): totalTPS produced 0 samples
2025-04-06 13:01:05,504 INFO o.a.j.r.p.AbstractSampleConsumer: class org.apache.jmeter.report.processor.graph.impl.ActiveThreadsGraphConsumer#stopProducing(): activeThreadsOverTime produced 0 samples
2025-04-06 13:01:05,504 INFO o.a.j.r.p.AbstractSampleConsumer: class org.apache.jmeter.report.processor.graph.impl.TimeVSThreadGraphConsumer#stopProducing(): timeVsThreads produced 0 samples
2025-04-06 13:01:05,504 INFO o.a.j.r.p.AbstractSampleConsumer: class org.apache.jmeter.report.processor.graph.impl.ResponseTimeDistributionGraphConsumer#stopProducing(): responseTimeDistribution produced 0 samples
2025-04-06 13:01:05,504 INFO o.a.j.r.p.AbstractSampleConsumer: class org.apache.jmeter.report.processor.graph.impl.TransactionsPerSecondGraphConsumer#stopProducing(): transactionsPerSecond produced 0 samples
2025-04-06 13:01:05,504 INFO o.a.j.r.p.AbstractSampleConsumer: class org.apache.jmeter.report.processor.graph.impl.ResponseTimePercentilesGraphConsumer#stopProducing(): responseTimePercentiles produced 0 samples
2025-04-06 13:01:05,504 INFO o.a.j.r.p.AbstractSampleConsumer: class org.apache.jmeter.report.processor.graph.impl.ResponseTimePercentilesOverTimeGraphConsumer#stopProducing(): responseTimePercentilesOverTime produced 0 samples
2025-04-06 13:01:05,510 INFO o.a.j.r.p.AbstractSampleConsumer: class org.apache.jmeter.report.processor.graph.impl.ResponseTimeOverTimeGraphConsumer#stopProducing(): responseTimesOverTime produced 0 samples
2025-04-06 13:01:05,510 INFO o.a.j.r.p.AbstractSampleConsumer: class org.apache.jmeter.report.processor.graph.impl.ConnectTimeOverTimeGraphConsumer#stopProducing(): connectTimeOverTime produced 0 samples
2025-04-06 13:01:05,510 INFO o.a.j.r.p.AbstractSampleConsumer: class org.apache.jmeter.report.processor.graph.impl.LatencyOverTimeGraphConsumer#stopProducing(): latenciesOverTime produced 0 samples
2025-04-06 13:01:05,510 INFO o.a.j.r.p.AbstractSampleConsumer: class org.apache.jmeter.report.processor.FilterConsumer#stopProducing(): nameFilter produced 8550 samples
2025-04-06 13:01:05,510 INFO o.a.j.r.p.AbstractSampleConsumer: class org.apache.jmeter.report.processor.FilterConsumer#stopProducing(): dateRangeFilter produced 1710 samples
2025-04-06 13:01:05,510 INFO o.a.j.r.p.AbstractSampleConsumer: class org.apache.jmeter.report.processor.NormalizerSampleConsumer#stopProducing(): normalizer produced 570 samples
2025-04-06 13:01:05,510 INFO o.a.j.r.p.CsvFileSampleSource: produce(): 570 samples produced in 146ms on channel 0
2025-04-06 13:01:05,510 INFO o.a.j.r.d.ReportGenerator: Exporting data using exporter:'json' of className:'org.apache.jmeter.report.dashboard.JsonExporter'
2025-04-06 13:01:05,538 INFO o.a.j.r.d.JsonExporter: Found data for consumer statisticsSummary in context
2025-04-06 13:01:05,538 INFO o.a.j.r.d.JsonExporter: Creating statistics for overall
2025-04-06 13:01:05,538 INFO o.a.j.r.d.JsonExporter: Creating statistics for other transactions
2025-04-06 13:01:05,538 INFO o.a.j.r.d.JsonExporter: Checking output folder
2025-04-06 13:01:05,538 INFO o.a.j.r.d.JsonExporter: Writing statistics JSON to C:\ProgramData\Jenkins\.jenkins\workspace\JMeter_Integrate_Project\report\statistics.json
2025-04-06 13:01:05,565 INFO o.a.j.r.d.ReportGenerator: Exporting data using exporter:'html' of className:'org.apache.jmeter.report.dashboard.HtmlTemplateExporter'
2025-04-06 13:01:05,574 INFO o.a.j.r.d.HtmlTemplateExporter: Will generate dashboard in folder: C:\ProgramData\Jenkins\.jenkins\workspace\JMeter_Integrate_Project\report
2025-04-06 13:01:05,690 INFO o.a.j.r.d.HtmlTemplateExporter: Report will be generated in: C:\ProgramData\Jenkins\.jenkins\workspace\JMeter_Integrate_Project\report, creating folder structure
2025-04-06 13:01:05,697 INFO o.a.j.r.d.TemplateVisitor: Copying folder from 'C:\Program Files\apache-jmeter-5.6.3\bin\report-template' to 'C:\ProgramData\Jenkins\.jenkins\workspace\JMeter_Integrate_Project\report', got message: C:\ProgramData\Jenkins\.jenkins\workspace\JMeter_Integrate_Project\report, found non empty folder with following content [C:\ProgramData\Jenkins\.jenkins\workspace\JMeter_Integrate_Project\report\statistics.json], will be ignored
2025-04-06 13:01:06,031 INFO o.a.j.JMeter: Dashboard generated
